<?xml version="1.0" encoding="UTF-8"?>
<!-- Generated by org.testng.reporters.JUnitReportReporter -->
<testsuite hostname="TABLET-5E9MAQ28" failures="0" tests="2" name="tests.LaunchURL" time="0.235" errors="0" timestamp="2025-01-05T12:51:56 IST" skipped="0">
  <testcase classname="tests.LaunchURL" name="addItemWithMaxPriceToCart" time="0.218"/>
  <testcase classname="tests.LaunchURL" name="verifyHomePageTitle" time="0.017"/>
</testsuite> <!-- tests.LaunchURL -->
