<?xml version="1.0" encoding="UTF-8"?>
<!-- Generated by org.testng.reporters.JUnitReportReporter -->
<testsuite hostname="TABLET-5E9MAQ28" failures="0" tests="1" name="tests.HomePageTest" time="0.237" errors="0" timestamp="2025-01-25T08:33:06 IST" skipped="0">
  <testcase classname="tests.HomePageTest" name="addItemWithMaxPriceToCart" time="0.237"/>
</testsuite> <!-- tests.HomePageTest -->
