<?xml version="1.0" encoding="UTF-8"?>
<!-- Generated by org.testng.reporters.JUnitReportReporter -->
<testsuite hostname="TABLET-5E9MAQ28" failures="0" tests="1" name="com.selenium.Example" time="5.808" errors="0" timestamp="2025-01-04T08:55:44 IST" skipped="0">
  <testcase classname="com.selenium.Example" name="launchurl" time="5.808"/>
</testsuite> <!-- com.selenium.Example -->
