<?xml version="1.0" encoding="UTF-8"?>
<!-- Generated by org.testng.reporters.JUnitReportReporter -->
<testsuite hostname="TABLET-5E9MAQ28" failures="0" tests="2" name="tests.HomePageTest" time="0.256" errors="0" timestamp="2025-01-05T17:47:36 IST" skipped="0">
  <testcase classname="tests.HomePageTest" name="addItemWithMaxPriceToCart" time="0.235"/>
  <testcase classname="tests.HomePageTest" name="verifyHomePageTitle" time="0.021"/>
</testsuite> <!-- tests.HomePageTest -->
