<?xml version="1.0" encoding="UTF-8"?>
<!-- Generated by org.testng.reporters.JUnitReportReporter -->
<testsuite hostname="TABLET-5E9MAQ28" failures="0" tests="2" name="tests.LoginPageTest" time="1.926" errors="0" timestamp="2025-01-25T08:47:11 IST" skipped="0">
  <testcase classname="tests.LoginPageTest" name="loginwithEmailAndPass" time="1.842"/>
  <system-out/>
  <testcase classname="tests.LoginPageTest" name="verifyPageTitle" time="0.084"/>
  <system-out/>
</testsuite> <!-- tests.LoginPageTest -->
