<?xml version="1.0" encoding="UTF-8"?>
<!-- Generated by org.testng.reporters.JUnitReportReporter -->
<testsuite hostname="TABLET-5E9MAQ28" failures="0" tests="2" name="tests.HomePageTest" time="0.241" errors="0" timestamp="2025-01-09T20:26:21 IST" skipped="0">
  <testcase classname="tests.HomePageTest" name="addItemWithMaxPriceToCart" time="0.214"/>
  <system-out/>
  <testcase classname="tests.HomePageTest" name="verifyHomePageTitle" time="0.027"/>
  <system-out/>
</testsuite> <!-- tests.HomePageTest -->
