<?xml version="1.0" encoding="UTF-8"?>
<!-- Generated by org.testng.reporters.JUnitReportReporter -->
<testsuite hostname="TABLET-5E9MAQ28" failures="0" tests="1" name="tests.LoginPageTest" time="1.443" errors="0" timestamp="2025-01-10T06:12:46 IST" skipped="0">
  <testcase classname="tests.LoginPageTest" name="verifyPageTitle" time="1.443"/>
  <system-out/>
</testsuite> <!-- tests.LoginPageTest -->
