<?xml version="1.0" encoding="UTF-8"?>
<!-- Generated by org.testng.reporters.JUnitReportReporter -->
<testsuite hostname="TABLET-5E9MAQ28" failures="0" tests="2" name="tests.HomePageTest" time="0.187" errors="0" timestamp="2025-01-10T06:12:46 IST" skipped="0">
  <testcase classname="tests.HomePageTest" name="verifyHomePageTitle" time="0.015"/>
  <system-out/>
  <testcase classname="tests.HomePageTest" name="addItemWithMaxPriceToCart" time="0.172"/>
  <system-out/>
</testsuite> <!-- tests.HomePageTest -->
